\BOOKMARK [1][-]{section.1}{Introduction}{}% 1
\BOOKMARK [2][-]{subsection.1.1}{Pr\351sentation du probl\350me \340 r\351soudre}{section.1}% 2
\BOOKMARK [2][-]{subsection.1.2}{Id\351e g\351n\351rale de la r\351solution}{section.1}% 3
\BOOKMARK [1][-]{section.2}{Calcul de la direction de descente}{}% 4
\BOOKMARK [2][-]{subsection.2.1}{M\351thode de Gauss-Newton}{section.2}% 5
\BOOKMARK [3][-]{subsubsection.2.1.1}{Mod\351lisation du sous-probl\350me}{subsection.2.1}% 6
\BOOKMARK [3][-]{subsubsection.2.1.2}{Factorisation QR}{subsection.2.1}% 7
\BOOKMARK [3][-]{subsubsection.2.1.3}{D\351composition en sous-syst\350mes}{subsection.2.1}% 8
\BOOKMARK [3][-]{subsubsection.2.1.4}{R\351solution avec stabilisation}{subsection.2.1}% 9
\BOOKMARK [3][-]{subsubsection.2.1.5}{R\351solution sans stabilisation}{subsection.2.1}% 10
\BOOKMARK [3][-]{subsubsection.2.1.6}{Solution du sous-probl\350me}{subsection.2.1}% 11
\BOOKMARK [2][-]{subsection.2.2}{M\351thode de Gauss-Newton avec rang plein}{section.2}% 12
\BOOKMARK [2][-]{subsection.2.3}{M\351thode de Gauss-Newton avec minimisation de sous-espace}{section.2}% 13
\BOOKMARK [3][-]{subsubsection.2.3.1}{Principe g\351n\351ral}{subsection.2.3}% 14
\BOOKMARK [3][-]{subsubsection.2.3.2}{Calcul de la dimension}{subsection.2.3}% 15
\BOOKMARK [3][-]{subsubsection.2.3.3}{Commentaires sur la m\351thode}{subsection.2.3}% 16
\BOOKMARK [2][-]{subsection.2.4}{M\351thode de Newton}{section.2}% 17
\BOOKMARK [3][-]{subsubsection.2.4.1}{Probl\350me \340 r\351soudre}{subsection.2.4}% 18
\BOOKMARK [3][-]{subsubsection.2.4.2}{Calcul de la direction de Newton}{subsection.2.4}% 19
\BOOKMARK [1][-]{section.3}{Mise \340 jour de l'espace de travail}{}% 20
\BOOKMARK [2][-]{subsection.3.1}{Mise en situation}{section.3}% 21
\BOOKMARK [2][-]{subsection.3.2}{Crit\350re de suppression d'une contrainte}{section.3}% 22
\BOOKMARK [2][-]{subsection.3.3}{Calcul des multiplicateurs de Lagrange}{section.3}% 23
\BOOKMARK [2][-]{subsection.3.4}{Commentaires}{section.3}% 24
\BOOKMARK [1][-]{section.4}{Calcul du pas}{}% 25
\BOOKMARK [2][-]{subsection.4.1}{Principe g\351n\351ral}{section.4}% 26
\BOOKMARK [2][-]{subsection.4.2}{Calcul des p\351nalit\351s}{section.4}% 27
\BOOKMARK [3][-]{subsubsection.4.2.1}{Probl\350me d'optimisation \340 r\351soudre}{subsection.4.2}% 28
\BOOKMARK [3][-]{subsubsection.4.2.2}{R\351solution}{subsection.4.2}% 29
\BOOKMARK [2][-]{subsection.4.3}{Calcul de la longueur de pas}{section.4}% 30
\BOOKMARK [2][-]{subsection.4.4}{Commentaires sur le calcul du pas}{section.4}% 31
\BOOKMARK [1][-]{section.5}{Terminaison de l'algorithme}{}% 32
\BOOKMARK [2][-]{subsection.5.1}{Crit\350res de convergence}{section.5}% 33
\BOOKMARK [2][-]{subsection.5.2}{Crit\350res d'arr\352t anormaux}{section.5}% 34
\BOOKMARK [1][-]{section.6}{R\351sultats}{}% 35
\BOOKMARK [2][-]{subsection.6.1}{Premier exemple}{section.6}% 36
\BOOKMARK [2][-]{subsection.6.2}{Second exemple}{section.6}% 37
